<?xml version="1.0" encoding="UTF-8"?>
<coverage generated="1510155663643" clover="3.2.0">
  <project timestamp="1510155663643" name="All files">
    <metrics statements="22" coveredstatements="17" conditionals="7" coveredconditionals="7" methods="9" coveredmethods="9" elements="38" coveredelements="33" complexity="0" loc="22" ncloc="22" packages="4" files="4" classes="4">
      <package name="playground">
        <metrics statements="1" coveredstatements="1" conditionals="0" coveredconditionals="0" methods="1" coveredmethods="1"/>
        <file name="sum.js" path="C:\Panibrat\testProjects\reduxApp\playground\sum.js">
          <metrics statements="1" coveredstatements="1" conditionals="0" coveredconditionals="0" methods="1" coveredmethods="1"/>
          <line num="1" count="2" type="stmt"/>
        </file>
      </package>
      <package name="src.actions">
        <metrics statements="4" coveredstatements="4" conditionals="0" coveredconditionals="0" methods="4" coveredmethods="4"/>
        <file name="booksActions.js" path="C:\Panibrat\testProjects\reduxApp\src\actions\booksActions.js">
          <metrics statements="4" coveredstatements="4" conditionals="0" coveredconditionals="0" methods="4" coveredmethods="4"/>
          <line num="4" count="1" type="stmt"/>
          <line num="10" count="1" type="stmt"/>
          <line num="17" count="1" type="stmt"/>
          <line num="24" count="1" type="stmt"/>
        </file>
      </package>
      <package name="src.components.pages">
        <metrics statements="1" coveredstatements="1" conditionals="0" coveredconditionals="0" methods="1" coveredmethods="1"/>
        <file name="Header.js" path="C:\Panibrat\testProjects\reduxApp\src\components\pages\Header.js">
          <metrics statements="1" coveredstatements="1" conditionals="0" coveredconditionals="0" methods="1" coveredmethods="1"/>
          <line num="5" count="1" type="stmt"/>
        </file>
      </package>
      <package name="src.reducers">
        <metrics statements="16" coveredstatements="11" conditionals="7" coveredconditionals="7" methods="3" coveredmethods="3"/>
        <file name="booksReducers.js" path="C:\Panibrat\testProjects\reduxApp\src\reducers\booksReducers.js">
          <metrics statements="16" coveredstatements="11" conditionals="7" coveredconditionals="7" methods="3" coveredmethods="3"/>
          <line num="25" count="6" type="cond" truecount="4" falsecount="0"/>
          <line num="27" count="1" type="stmt"/>
          <line num="28" count="0" type="stmt"/>
          <line num="30" count="1" type="stmt"/>
          <line num="31" count="0" type="stmt"/>
          <line num="33" count="2" type="stmt"/>
          <line num="34" count="6" type="stmt"/>
          <line num="36" count="2" type="stmt"/>
          <line num="37" count="0" type="stmt"/>
          <line num="39" count="2" type="stmt"/>
          <line num="40" count="6" type="cond" truecount="2" falsecount="0"/>
          <line num="41" count="1" type="stmt"/>
          <line num="46" count="6" type="stmt"/>
          <line num="48" count="2" type="stmt"/>
          <line num="49" count="0" type="stmt"/>
          <line num="51" count="0" type="stmt"/>
        </file>
      </package>
    </metrics>
  </project>
</coverage>
