{"C:\\Panibrat\\testProjects\\reduxApp\\playground\\sum.js": {"path":"C:\\Panibrat\\testProjects\\reduxApp\\playground\\sum.js","statementMap":{"0":{"start":{"line":1,"column":12},"end":{"line":1,"column":27}},"1":{"start":{"line":1,"column":22},"end":{"line":1,"column":27}}},"fnMap":{"0":{"name":"(anonymous_0)","decl":{"start":{"line":1,"column":12},"end":{"line":1,"column":13}},"loc":{"start":{"line":1,"column":22},"end":{"line":1,"column":27}},"line":1}},"branchMap":{},"s":{"0":1,"1":2},"f":{"0":2},"b":{},"_coverageSchema":"332fd63041d2c1bcb487cc26dd0d5f7d97098a6c","hash":"ef558d8c8ef416fa24b1d08e5c75fe5f8391f77e"}
,"C:\\Panibrat\\testProjects\\reduxApp\\src\\actions\\booksActions.js": {"path":"C:\\Panibrat\\testProjects\\reduxApp\\src\\actions\\booksActions.js","statementMap":{"0":{"start":{"line":4,"column":4},"end":{"line":6,"column":5}},"1":{"start":{"line":10,"column":4},"end":{"line":13,"column":5}},"2":{"start":{"line":17,"column":4},"end":{"line":20,"column":5}},"3":{"start":{"line":24,"column":4},"end":{"line":27,"column":5}}},"fnMap":{"0":{"name":"getBooks","decl":{"start":{"line":3,"column":16},"end":{"line":3,"column":24}},"loc":{"start":{"line":3,"column":27},"end":{"line":7,"column":1}},"line":3},"1":{"name":"postBooks","decl":{"start":{"line":9,"column":16},"end":{"line":9,"column":25}},"loc":{"start":{"line":9,"column":32},"end":{"line":14,"column":1}},"line":9},"2":{"name":"deleteBooks","decl":{"start":{"line":16,"column":16},"end":{"line":16,"column":27}},"loc":{"start":{"line":16,"column":32},"end":{"line":21,"column":1}},"line":16},"3":{"name":"updateBooks","decl":{"start":{"line":23,"column":16},"end":{"line":23,"column":27}},"loc":{"start":{"line":23,"column":34},"end":{"line":28,"column":1}},"line":23}},"branchMap":{},"s":{"0":1,"1":1,"2":1,"3":1},"f":{"0":1,"1":1,"2":1,"3":1},"b":{},"_coverageSchema":"332fd63041d2c1bcb487cc26dd0d5f7d97098a6c","hash":"4cd50edf531d1a9cfd80c74e22188da004107bf7"}
,"C:\\Panibrat\\testProjects\\reduxApp\\src\\components\\pages\\Header.js": {"path":"C:\\Panibrat\\testProjects\\reduxApp\\src\\components\\pages\\Header.js","statementMap":{"0":{"start":{"line":5,"column":4},"end":{"line":7,"column":5}}},"fnMap":{"0":{"name":"(anonymous_0)","decl":{"start":{"line":4,"column":2},"end":{"line":4,"column":3}},"loc":{"start":{"line":4,"column":11},"end":{"line":8,"column":3}},"line":4}},"branchMap":{},"s":{"0":1},"f":{"0":1},"b":{},"_coverageSchema":"332fd63041d2c1bcb487cc26dd0d5f7d97098a6c","hash":"b78b96bcc57fba3f99768feee66558acfc3816d8"}
,"C:\\Panibrat\\testProjects\\reduxApp\\src\\reducers\\booksReducers.js": {"path":"C:\\Panibrat\\testProjects\\reduxApp\\src\\reducers\\booksReducers.js","statementMap":{"0":{"start":{"line":25,"column":2},"end":{"line":50,"column":3}},"1":{"start":{"line":27,"column":6},"end":{"line":27,"column":48}},"2":{"start":{"line":28,"column":6},"end":{"line":28,"column":12}},"3":{"start":{"line":30,"column":6},"end":{"line":30,"column":57}},"4":{"start":{"line":31,"column":6},"end":{"line":31,"column":12}},"5":{"start":{"line":33,"column":18},"end":{"line":35,"column":8}},"6":{"start":{"line":34,"column":8},"end":{"line":34,"column":47}},"7":{"start":{"line":36,"column":6},"end":{"line":36,"column":42}},"8":{"start":{"line":37,"column":6},"end":{"line":37,"column":12}},"9":{"start":{"line":39,"column":6},"end":{"line":47,"column":8}},"10":{"start":{"line":40,"column":8},"end":{"line":45,"column":9}},"11":{"start":{"line":41,"column":10},"end":{"line":44,"column":11}},"12":{"start":{"line":46,"column":8},"end":{"line":46,"column":19}},"13":{"start":{"line":48,"column":6},"end":{"line":48,"column":42}},"14":{"start":{"line":49,"column":6},"end":{"line":49,"column":12}},"15":{"start":{"line":51,"column":2},"end":{"line":51,"column":14}}},"fnMap":{"0":{"name":"booksReducers","decl":{"start":{"line":2,"column":16},"end":{"line":2,"column":29}},"loc":{"start":{"line":24,"column":11},"end":{"line":52,"column":1}},"line":24},"1":{"name":"(anonymous_1)","decl":{"start":{"line":33,"column":37},"end":{"line":33,"column":38}},"loc":{"start":{"line":33,"column":47},"end":{"line":35,"column":7}},"line":33},"2":{"name":"(anonymous_2)","decl":{"start":{"line":39,"column":30},"end":{"line":39,"column":31}},"loc":{"start":{"line":39,"column":40},"end":{"line":47,"column":7}},"line":39}},"branchMap":{"0":{"loc":{"start":{"line":2,"column":30},"end":{"line":24,"column":1}},"type":"default-arg","locations":[{"start":{"line":2,"column":38},"end":{"line":24,"column":1}}],"line":2},"1":{"loc":{"start":{"line":25,"column":2},"end":{"line":50,"column":3}},"type":"switch","locations":[{"start":{"line":26,"column":4},"end":{"line":28,"column":12}},{"start":{"line":29,"column":4},"end":{"line":31,"column":12}},{"start":{"line":32,"column":4},"end":{"line":37,"column":12}},{"start":{"line":38,"column":4},"end":{"line":49,"column":12}}],"line":25},"2":{"loc":{"start":{"line":40,"column":8},"end":{"line":45,"column":9}},"type":"if","locations":[{"start":{"line":40,"column":8},"end":{"line":45,"column":9}},{"start":{"line":40,"column":8},"end":{"line":45,"column":9}}],"line":40}},"s":{"0":6,"1":1,"2":0,"3":1,"4":0,"5":2,"6":6,"7":2,"8":0,"9":2,"10":6,"11":1,"12":6,"13":2,"14":0,"15":0},"f":{"0":6,"1":6,"2":6},"b":{"0":[1],"1":[1,1,2,2],"2":[1,5]},"_coverageSchema":"332fd63041d2c1bcb487cc26dd0d5f7d97098a6c","hash":"b27818017518e0944f82efc8de0c5f5438cc1dcd"}
}
