TN:
SF:C:\Panibrat\testProjects\reduxApp\playground\sum.js
FN:1,(anonymous_0)
FNF:1
FNH:1
FNDA:2,(anonymous_0)
DA:1,2
LF:1
LH:1
BRF:0
BRH:0
end_of_record
TN:
SF:C:\Panibrat\testProjects\reduxApp\src\actions\booksActions.js
FN:3,getBooks
FN:9,postBooks
FN:16,deleteBooks
FN:23,updateBooks
FNF:4
FNH:4
FNDA:1,getBooks
FNDA:1,postBooks
FNDA:1,deleteBooks
FNDA:1,updateBooks
DA:4,1
DA:10,1
DA:17,1
DA:24,1
LF:4
LH:4
BRF:0
BRH:0
end_of_record
TN:
SF:C:\Panibrat\testProjects\reduxApp\src\components\pages\Header.js
FN:4,(anonymous_0)
FNF:1
FNH:1
FNDA:1,(anonymous_0)
DA:5,1
LF:1
LH:1
BRF:0
BRH:0
end_of_record
TN:
SF:C:\Panibrat\testProjects\reduxApp\src\reducers\booksReducers.js
FN:2,booksReducers
FN:33,(anonymous_1)
FN:39,(anonymous_2)
FNF:3
FNH:3
FNDA:6,booksReducers
FNDA:6,(anonymous_1)
FNDA:6,(anonymous_2)
DA:25,6
DA:27,1
DA:28,0
DA:30,1
DA:31,0
DA:33,2
DA:34,6
DA:36,2
DA:37,0
DA:39,2
DA:40,6
DA:41,1
DA:46,6
DA:48,2
DA:49,0
DA:51,0
LF:16
LH:11
BRDA:2,0,0,1
BRDA:25,1,0,1
BRDA:25,1,1,1
BRDA:25,1,2,2
BRDA:25,1,3,2
BRDA:40,2,0,1
BRDA:40,2,1,5
BRF:7
BRH:7
end_of_record
